<?xml version="1.0" encoding="UTF-8"?>
<testng-results skipped="0" failed="0" total="1" passed="1">
  <reporter-output>
  </reporter-output>
  <suite name="Default suite" duration-ms="14099" started-at="2017-03-14T04:06:25Z" finished-at="2017-03-14T04:06:39Z">
    <groups>
    </groups>
    <test name="Default test" duration-ms="14099" started-at="2017-03-14T04:06:25Z" finished-at="2017-03-14T04:06:39Z">
      <class name="googleTest.GoogleTest">
        <test-method status="PASS" signature="sampletest()[pri:0, instance:googleTest.GoogleTest@213651ed]" name="sampletest" duration-ms="14056" started-at="2017-03-14T09:36:25Z" finished-at="2017-03-14T09:36:39Z">
          <reporter-output>
          </reporter-output>
        </test-method> <!-- sampletest -->
      </class> <!-- googleTest.GoogleTest -->
    </test> <!-- Default test -->
  </suite> <!-- Default suite -->
</testng-results>
